0 info it worked if it ends with ok
1 verbose cli [ 'D:\\Node\\node\\\\node.exe',
1 verbose cli   'D:\\Node\\node\\node_modules\\npm\\bin\\npm-cli.js',
1 verbose cli   'install' ]
2 info using npm@1.3.21
3 info using node@v0.10.24
4 verbose node symlink D:\Node\node\\node.exe
5 warn package.json tableGameSite@0.0.1 No description
6 warn package.json tableGameSite@0.0.1 No repository field.
7 warn package.json tableGameSite@0.0.1 No README data
8 verbose readDependencies using package.json deps
9 verbose install where, deps [ 'D:\\workSpace\\tgSite',
9 verbose install   [ 'load-grunt-tasks',
9 verbose install     'time-grunt',
9 verbose install     'grunt-contrib-connect',
9 verbose install     'grunt-contrib-uglify',
9 verbose install     'grunt-contrib-copy',
9 verbose install     'grunt-contrib-clean',
9 verbose install     'grunt-contrib-coffee',
9 verbose install     'grunt-contrib-less',
9 verbose install     'grunt-contrib-watch',
9 verbose install     'grunt-freemarker' ] ]
10 info preinstall tableGameSite@0.0.1
11 verbose readDependencies using package.json deps
12 verbose cache add [ 'load-grunt-tasks@~0.4.0', null ]
13 verbose cache add name=undefined spec="load-grunt-tasks@~0.4.0" args=["load-grunt-tasks@~0.4.0",null]
14 verbose parsed url { protocol: null,
14 verbose parsed url   slashes: null,
14 verbose parsed url   auth: null,
14 verbose parsed url   host: null,
14 verbose parsed url   port: null,
14 verbose parsed url   hostname: null,
14 verbose parsed url   hash: null,
14 verbose parsed url   search: null,
14 verbose parsed url   query: null,
14 verbose parsed url   pathname: 'load-grunt-tasks@~0.4.0',
14 verbose parsed url   path: 'load-grunt-tasks@~0.4.0',
14 verbose parsed url   href: 'load-grunt-tasks@~0.4.0' }
15 verbose cache add name="load-grunt-tasks" spec="~0.4.0" args=["load-grunt-tasks","~0.4.0"]
16 verbose parsed url { protocol: null,
16 verbose parsed url   slashes: null,
16 verbose parsed url   auth: null,
16 verbose parsed url   host: null,
16 verbose parsed url   port: null,
16 verbose parsed url   hostname: null,
16 verbose parsed url   hash: null,
16 verbose parsed url   search: null,
16 verbose parsed url   query: null,
16 verbose parsed url   pathname: '~0.4.0',
16 verbose parsed url   path: '~0.4.0',
16 verbose parsed url   href: '~0.4.0' }
17 verbose addNamed [ 'load-grunt-tasks', '~0.4.0' ]
18 verbose addNamed [ null, '>=0.4.0-0 <0.5.0-0' ]
19 verbose cache add [ 'time-grunt@~0.3.1', null ]
20 verbose cache add name=undefined spec="time-grunt@~0.3.1" args=["time-grunt@~0.3.1",null]
21 verbose parsed url { protocol: null,
21 verbose parsed url   slashes: null,
21 verbose parsed url   auth: null,
21 verbose parsed url   host: null,
21 verbose parsed url   port: null,
21 verbose parsed url   hostname: null,
21 verbose parsed url   hash: null,
21 verbose parsed url   search: null,
21 verbose parsed url   query: null,
21 verbose parsed url   pathname: 'time-grunt@~0.3.1',
21 verbose parsed url   path: 'time-grunt@~0.3.1',
21 verbose parsed url   href: 'time-grunt@~0.3.1' }
22 verbose cache add name="time-grunt" spec="~0.3.1" args=["time-grunt","~0.3.1"]
23 verbose parsed url { protocol: null,
23 verbose parsed url   slashes: null,
23 verbose parsed url   auth: null,
23 verbose parsed url   host: null,
23 verbose parsed url   port: null,
23 verbose parsed url   hostname: null,
23 verbose parsed url   hash: null,
23 verbose parsed url   search: null,
23 verbose parsed url   query: null,
23 verbose parsed url   pathname: '~0.3.1',
23 verbose parsed url   path: '~0.3.1',
23 verbose parsed url   href: '~0.3.1' }
24 verbose addNamed [ 'time-grunt', '~0.3.1' ]
25 verbose addNamed [ null, '>=0.3.1-0 <0.4.0-0' ]
26 verbose cache add [ 'grunt-contrib-connect@~0.7.1', null ]
27 verbose cache add name=undefined spec="grunt-contrib-connect@~0.7.1" args=["grunt-contrib-connect@~0.7.1",null]
28 verbose parsed url { protocol: null,
28 verbose parsed url   slashes: null,
28 verbose parsed url   auth: null,
28 verbose parsed url   host: null,
28 verbose parsed url   port: null,
28 verbose parsed url   hostname: null,
28 verbose parsed url   hash: null,
28 verbose parsed url   search: null,
28 verbose parsed url   query: null,
28 verbose parsed url   pathname: 'grunt-contrib-connect@~0.7.1',
28 verbose parsed url   path: 'grunt-contrib-connect@~0.7.1',
28 verbose parsed url   href: 'grunt-contrib-connect@~0.7.1' }
29 verbose cache add name="grunt-contrib-connect" spec="~0.7.1" args=["grunt-contrib-connect","~0.7.1"]
30 verbose parsed url { protocol: null,
30 verbose parsed url   slashes: null,
30 verbose parsed url   auth: null,
30 verbose parsed url   host: null,
30 verbose parsed url   port: null,
30 verbose parsed url   hostname: null,
30 verbose parsed url   hash: null,
30 verbose parsed url   search: null,
30 verbose parsed url   query: null,
30 verbose parsed url   pathname: '~0.7.1',
30 verbose parsed url   path: '~0.7.1',
30 verbose parsed url   href: '~0.7.1' }
31 verbose addNamed [ 'grunt-contrib-connect', '~0.7.1' ]
32 verbose addNamed [ null, '>=0.7.1-0 <0.8.0-0' ]
33 verbose cache add [ 'grunt-contrib-uglify@~0.4.0', null ]
34 verbose cache add name=undefined spec="grunt-contrib-uglify@~0.4.0" args=["grunt-contrib-uglify@~0.4.0",null]
35 verbose parsed url { protocol: null,
35 verbose parsed url   slashes: null,
35 verbose parsed url   auth: null,
35 verbose parsed url   host: null,
35 verbose parsed url   port: null,
35 verbose parsed url   hostname: null,
35 verbose parsed url   hash: null,
35 verbose parsed url   search: null,
35 verbose parsed url   query: null,
35 verbose parsed url   pathname: 'grunt-contrib-uglify@~0.4.0',
35 verbose parsed url   path: 'grunt-contrib-uglify@~0.4.0',
35 verbose parsed url   href: 'grunt-contrib-uglify@~0.4.0' }
36 verbose cache add name="grunt-contrib-uglify" spec="~0.4.0" args=["grunt-contrib-uglify","~0.4.0"]
37 verbose parsed url { protocol: null,
37 verbose parsed url   slashes: null,
37 verbose parsed url   auth: null,
37 verbose parsed url   host: null,
37 verbose parsed url   port: null,
37 verbose parsed url   hostname: null,
37 verbose parsed url   hash: null,
37 verbose parsed url   search: null,
37 verbose parsed url   query: null,
37 verbose parsed url   pathname: '~0.4.0',
37 verbose parsed url   path: '~0.4.0',
37 verbose parsed url   href: '~0.4.0' }
38 verbose addNamed [ 'grunt-contrib-uglify', '~0.4.0' ]
39 verbose addNamed [ null, '>=0.4.0-0 <0.5.0-0' ]
40 verbose cache add [ 'grunt-contrib-copy@~0.5.0', null ]
41 verbose cache add name=undefined spec="grunt-contrib-copy@~0.5.0" args=["grunt-contrib-copy@~0.5.0",null]
42 verbose parsed url { protocol: null,
42 verbose parsed url   slashes: null,
42 verbose parsed url   auth: null,
42 verbose parsed url   host: null,
42 verbose parsed url   port: null,
42 verbose parsed url   hostname: null,
42 verbose parsed url   hash: null,
42 verbose parsed url   search: null,
42 verbose parsed url   query: null,
42 verbose parsed url   pathname: 'grunt-contrib-copy@~0.5.0',
42 verbose parsed url   path: 'grunt-contrib-copy@~0.5.0',
42 verbose parsed url   href: 'grunt-contrib-copy@~0.5.0' }
43 verbose cache add name="grunt-contrib-copy" spec="~0.5.0" args=["grunt-contrib-copy","~0.5.0"]
44 verbose parsed url { protocol: null,
44 verbose parsed url   slashes: null,
44 verbose parsed url   auth: null,
44 verbose parsed url   host: null,
44 verbose parsed url   port: null,
44 verbose parsed url   hostname: null,
44 verbose parsed url   hash: null,
44 verbose parsed url   search: null,
44 verbose parsed url   query: null,
44 verbose parsed url   pathname: '~0.5.0',
44 verbose parsed url   path: '~0.5.0',
44 verbose parsed url   href: '~0.5.0' }
45 verbose addNamed [ 'grunt-contrib-copy', '~0.5.0' ]
46 verbose addNamed [ null, '>=0.5.0-0 <0.6.0-0' ]
47 verbose cache add [ 'grunt-contrib-clean@~0.5.0', null ]
48 verbose cache add name=undefined spec="grunt-contrib-clean@~0.5.0" args=["grunt-contrib-clean@~0.5.0",null]
49 verbose parsed url { protocol: null,
49 verbose parsed url   slashes: null,
49 verbose parsed url   auth: null,
49 verbose parsed url   host: null,
49 verbose parsed url   port: null,
49 verbose parsed url   hostname: null,
49 verbose parsed url   hash: null,
49 verbose parsed url   search: null,
49 verbose parsed url   query: null,
49 verbose parsed url   pathname: 'grunt-contrib-clean@~0.5.0',
49 verbose parsed url   path: 'grunt-contrib-clean@~0.5.0',
49 verbose parsed url   href: 'grunt-contrib-clean@~0.5.0' }
50 verbose cache add name="grunt-contrib-clean" spec="~0.5.0" args=["grunt-contrib-clean","~0.5.0"]
51 verbose parsed url { protocol: null,
51 verbose parsed url   slashes: null,
51 verbose parsed url   auth: null,
51 verbose parsed url   host: null,
51 verbose parsed url   port: null,
51 verbose parsed url   hostname: null,
51 verbose parsed url   hash: null,
51 verbose parsed url   search: null,
51 verbose parsed url   query: null,
51 verbose parsed url   pathname: '~0.5.0',
51 verbose parsed url   path: '~0.5.0',
51 verbose parsed url   href: '~0.5.0' }
52 verbose addNamed [ 'grunt-contrib-clean', '~0.5.0' ]
53 verbose addNamed [ null, '>=0.5.0-0 <0.6.0-0' ]
54 verbose cache add [ 'grunt-contrib-coffee@~0.10.1', null ]
55 verbose cache add name=undefined spec="grunt-contrib-coffee@~0.10.1" args=["grunt-contrib-coffee@~0.10.1",null]
56 verbose parsed url { protocol: null,
56 verbose parsed url   slashes: null,
56 verbose parsed url   auth: null,
56 verbose parsed url   host: null,
56 verbose parsed url   port: null,
56 verbose parsed url   hostname: null,
56 verbose parsed url   hash: null,
56 verbose parsed url   search: null,
56 verbose parsed url   query: null,
56 verbose parsed url   pathname: 'grunt-contrib-coffee@~0.10.1',
56 verbose parsed url   path: 'grunt-contrib-coffee@~0.10.1',
56 verbose parsed url   href: 'grunt-contrib-coffee@~0.10.1' }
57 verbose cache add name="grunt-contrib-coffee" spec="~0.10.1" args=["grunt-contrib-coffee","~0.10.1"]
58 verbose parsed url { protocol: null,
58 verbose parsed url   slashes: null,
58 verbose parsed url   auth: null,
58 verbose parsed url   host: null,
58 verbose parsed url   port: null,
58 verbose parsed url   hostname: null,
58 verbose parsed url   hash: null,
58 verbose parsed url   search: null,
58 verbose parsed url   query: null,
58 verbose parsed url   pathname: '~0.10.1',
58 verbose parsed url   path: '~0.10.1',
58 verbose parsed url   href: '~0.10.1' }
59 verbose addNamed [ 'grunt-contrib-coffee', '~0.10.1' ]
60 verbose addNamed [ null, '>=0.10.1-0 <0.11.0-0' ]
61 verbose cache add [ 'grunt-contrib-less@~0.11.0', null ]
62 verbose cache add name=undefined spec="grunt-contrib-less@~0.11.0" args=["grunt-contrib-less@~0.11.0",null]
63 verbose parsed url { protocol: null,
63 verbose parsed url   slashes: null,
63 verbose parsed url   auth: null,
63 verbose parsed url   host: null,
63 verbose parsed url   port: null,
63 verbose parsed url   hostname: null,
63 verbose parsed url   hash: null,
63 verbose parsed url   search: null,
63 verbose parsed url   query: null,
63 verbose parsed url   pathname: 'grunt-contrib-less@~0.11.0',
63 verbose parsed url   path: 'grunt-contrib-less@~0.11.0',
63 verbose parsed url   href: 'grunt-contrib-less@~0.11.0' }
64 verbose cache add name="grunt-contrib-less" spec="~0.11.0" args=["grunt-contrib-less","~0.11.0"]
65 verbose parsed url { protocol: null,
65 verbose parsed url   slashes: null,
65 verbose parsed url   auth: null,
65 verbose parsed url   host: null,
65 verbose parsed url   port: null,
65 verbose parsed url   hostname: null,
65 verbose parsed url   hash: null,
65 verbose parsed url   search: null,
65 verbose parsed url   query: null,
65 verbose parsed url   pathname: '~0.11.0',
65 verbose parsed url   path: '~0.11.0',
65 verbose parsed url   href: '~0.11.0' }
66 verbose addNamed [ 'grunt-contrib-less', '~0.11.0' ]
67 verbose addNamed [ null, '>=0.11.0-0 <0.12.0-0' ]
68 verbose cache add [ 'grunt-contrib-watch@~0.6.1', null ]
69 verbose cache add name=undefined spec="grunt-contrib-watch@~0.6.1" args=["grunt-contrib-watch@~0.6.1",null]
70 verbose parsed url { protocol: null,
70 verbose parsed url   slashes: null,
70 verbose parsed url   auth: null,
70 verbose parsed url   host: null,
70 verbose parsed url   port: null,
70 verbose parsed url   hostname: null,
70 verbose parsed url   hash: null,
70 verbose parsed url   search: null,
70 verbose parsed url   query: null,
70 verbose parsed url   pathname: 'grunt-contrib-watch@~0.6.1',
70 verbose parsed url   path: 'grunt-contrib-watch@~0.6.1',
70 verbose parsed url   href: 'grunt-contrib-watch@~0.6.1' }
71 verbose cache add name="grunt-contrib-watch" spec="~0.6.1" args=["grunt-contrib-watch","~0.6.1"]
72 verbose parsed url { protocol: null,
72 verbose parsed url   slashes: null,
72 verbose parsed url   auth: null,
72 verbose parsed url   host: null,
72 verbose parsed url   port: null,
72 verbose parsed url   hostname: null,
72 verbose parsed url   hash: null,
72 verbose parsed url   search: null,
72 verbose parsed url   query: null,
72 verbose parsed url   pathname: '~0.6.1',
72 verbose parsed url   path: '~0.6.1',
72 verbose parsed url   href: '~0.6.1' }
73 verbose addNamed [ 'grunt-contrib-watch', '~0.6.1' ]
74 verbose addNamed [ null, '>=0.6.1-0 <0.7.0-0' ]
75 verbose cache add [ 'grunt-freemarker@~0.1.6', null ]
76 verbose cache add name=undefined spec="grunt-freemarker@~0.1.6" args=["grunt-freemarker@~0.1.6",null]
77 verbose parsed url { protocol: null,
77 verbose parsed url   slashes: null,
77 verbose parsed url   auth: null,
77 verbose parsed url   host: null,
77 verbose parsed url   port: null,
77 verbose parsed url   hostname: null,
77 verbose parsed url   hash: null,
77 verbose parsed url   search: null,
77 verbose parsed url   query: null,
77 verbose parsed url   pathname: 'grunt-freemarker@~0.1.6',
77 verbose parsed url   path: 'grunt-freemarker@~0.1.6',
77 verbose parsed url   href: 'grunt-freemarker@~0.1.6' }
78 verbose cache add name="grunt-freemarker" spec="~0.1.6" args=["grunt-freemarker","~0.1.6"]
79 verbose parsed url { protocol: null,
79 verbose parsed url   slashes: null,
79 verbose parsed url   auth: null,
79 verbose parsed url   host: null,
79 verbose parsed url   port: null,
79 verbose parsed url   hostname: null,
79 verbose parsed url   hash: null,
79 verbose parsed url   search: null,
79 verbose parsed url   query: null,
79 verbose parsed url   pathname: '~0.1.6',
79 verbose parsed url   path: '~0.1.6',
79 verbose parsed url   href: '~0.1.6' }
80 verbose addNamed [ 'grunt-freemarker', '~0.1.6' ]
81 verbose addNamed [ null, '>=0.1.6-0 <0.2.0-0' ]
82 silly lockFile db6ec5cc-load-grunt-tasks-0-4-0 load-grunt-tasks@~0.4.0
83 verbose lock load-grunt-tasks@~0.4.0 C:\Users\xiatian\AppData\Roaming\npm-cache\db6ec5cc-load-grunt-tasks-0-4-0.lock
84 silly lockFile f514c9b0-time-grunt-0-3-1 time-grunt@~0.3.1
85 verbose lock time-grunt@~0.3.1 C:\Users\xiatian\AppData\Roaming\npm-cache\f514c9b0-time-grunt-0-3-1.lock
86 silly lockFile 7b7f6c6b-grunt-contrib-connect-0-7-1 grunt-contrib-connect@~0.7.1
87 verbose lock grunt-contrib-connect@~0.7.1 C:\Users\xiatian\AppData\Roaming\npm-cache\7b7f6c6b-grunt-contrib-connect-0-7-1.lock
88 silly lockFile bea3f155-grunt-contrib-uglify-0-4-0 grunt-contrib-uglify@~0.4.0
89 verbose lock grunt-contrib-uglify@~0.4.0 C:\Users\xiatian\AppData\Roaming\npm-cache\bea3f155-grunt-contrib-uglify-0-4-0.lock
90 silly lockFile ac3d673b-grunt-contrib-copy-0-5-0 grunt-contrib-copy@~0.5.0
91 verbose lock grunt-contrib-copy@~0.5.0 C:\Users\xiatian\AppData\Roaming\npm-cache\ac3d673b-grunt-contrib-copy-0-5-0.lock
92 silly lockFile 83f743bc-grunt-contrib-clean-0-5-0 grunt-contrib-clean@~0.5.0
93 verbose lock grunt-contrib-clean@~0.5.0 C:\Users\xiatian\AppData\Roaming\npm-cache\83f743bc-grunt-contrib-clean-0-5-0.lock
94 silly lockFile ce2c6e35-grunt-contrib-coffee-0-10-1 grunt-contrib-coffee@~0.10.1
95 verbose lock grunt-contrib-coffee@~0.10.1 C:\Users\xiatian\AppData\Roaming\npm-cache\ce2c6e35-grunt-contrib-coffee-0-10-1.lock
96 silly lockFile f14bbd72-grunt-contrib-less-0-11-0 grunt-contrib-less@~0.11.0
97 verbose lock grunt-contrib-less@~0.11.0 C:\Users\xiatian\AppData\Roaming\npm-cache\f14bbd72-grunt-contrib-less-0-11-0.lock
98 silly lockFile 82ce6ec8-grunt-contrib-watch-0-6-1 grunt-contrib-watch@~0.6.1
99 verbose lock grunt-contrib-watch@~0.6.1 C:\Users\xiatian\AppData\Roaming\npm-cache\82ce6ec8-grunt-contrib-watch-0-6-1.lock
100 silly lockFile 66037958-grunt-freemarker-0-1-6 grunt-freemarker@~0.1.6
101 verbose lock grunt-freemarker@~0.1.6 C:\Users\xiatian\AppData\Roaming\npm-cache\66037958-grunt-freemarker-0-1-6.lock
102 silly addNameRange { name: 'load-grunt-tasks',
102 silly addNameRange   range: '>=0.4.0-0 <0.5.0-0',
102 silly addNameRange   hasData: false }
103 silly addNameRange { name: 'time-grunt',
103 silly addNameRange   range: '>=0.3.1-0 <0.4.0-0',
103 silly addNameRange   hasData: false }
104 silly addNameRange { name: 'grunt-contrib-connect',
104 silly addNameRange   range: '>=0.7.1-0 <0.8.0-0',
104 silly addNameRange   hasData: false }
105 silly addNameRange { name: 'grunt-contrib-uglify',
105 silly addNameRange   range: '>=0.4.0-0 <0.5.0-0',
105 silly addNameRange   hasData: false }
106 silly addNameRange { name: 'grunt-contrib-copy',
106 silly addNameRange   range: '>=0.5.0-0 <0.6.0-0',
106 silly addNameRange   hasData: false }
107 silly addNameRange { name: 'grunt-contrib-clean',
107 silly addNameRange   range: '>=0.5.0-0 <0.6.0-0',
107 silly addNameRange   hasData: false }
108 silly addNameRange { name: 'grunt-contrib-coffee',
108 silly addNameRange   range: '>=0.10.1-0 <0.11.0-0',
108 silly addNameRange   hasData: false }
109 silly addNameRange { name: 'grunt-contrib-less',
109 silly addNameRange   range: '>=0.11.0-0 <0.12.0-0',
109 silly addNameRange   hasData: false }
110 silly addNameRange { name: 'grunt-contrib-watch',
110 silly addNameRange   range: '>=0.6.1-0 <0.7.0-0',
110 silly addNameRange   hasData: false }
111 silly addNameRange { name: 'grunt-freemarker',
111 silly addNameRange   range: '>=0.1.6-0 <0.2.0-0',
111 silly addNameRange   hasData: false }
112 verbose url raw load-grunt-tasks
113 verbose url resolving [ 'https://registry.npmjs.org/', './load-grunt-tasks' ]
114 verbose url resolved https://registry.npmjs.org/load-grunt-tasks
115 info trying registry request attempt 1 at 15:45:35
116 http GET https://registry.npmjs.org/load-grunt-tasks
117 verbose url raw time-grunt
118 verbose url resolving [ 'https://registry.npmjs.org/', './time-grunt' ]
119 verbose url resolved https://registry.npmjs.org/time-grunt
120 info trying registry request attempt 1 at 15:45:35
121 http GET https://registry.npmjs.org/time-grunt
122 verbose url raw grunt-contrib-connect
123 verbose url resolving [ 'https://registry.npmjs.org/', './grunt-contrib-connect' ]
124 verbose url resolved https://registry.npmjs.org/grunt-contrib-connect
125 info trying registry request attempt 1 at 15:45:35
126 http GET https://registry.npmjs.org/grunt-contrib-connect
127 verbose url raw grunt-contrib-uglify
128 verbose url resolving [ 'https://registry.npmjs.org/', './grunt-contrib-uglify' ]
129 verbose url resolved https://registry.npmjs.org/grunt-contrib-uglify
130 info trying registry request attempt 1 at 15:45:35
131 http GET https://registry.npmjs.org/grunt-contrib-uglify
132 verbose url raw grunt-contrib-copy
133 verbose url resolving [ 'https://registry.npmjs.org/', './grunt-contrib-copy' ]
134 verbose url resolved https://registry.npmjs.org/grunt-contrib-copy
135 info trying registry request attempt 1 at 15:45:35
136 http GET https://registry.npmjs.org/grunt-contrib-copy
137 verbose url raw grunt-contrib-clean
138 verbose url resolving [ 'https://registry.npmjs.org/', './grunt-contrib-clean' ]
139 verbose url resolved https://registry.npmjs.org/grunt-contrib-clean
140 info trying registry request attempt 1 at 15:45:35
141 http GET https://registry.npmjs.org/grunt-contrib-clean
142 verbose url raw grunt-contrib-coffee
143 verbose url resolving [ 'https://registry.npmjs.org/', './grunt-contrib-coffee' ]
144 verbose url resolved https://registry.npmjs.org/grunt-contrib-coffee
145 info trying registry request attempt 1 at 15:45:35
146 http GET https://registry.npmjs.org/grunt-contrib-coffee
147 verbose url raw grunt-contrib-less
148 verbose url resolving [ 'https://registry.npmjs.org/', './grunt-contrib-less' ]
149 verbose url resolved https://registry.npmjs.org/grunt-contrib-less
150 info trying registry request attempt 1 at 15:45:35
151 http GET https://registry.npmjs.org/grunt-contrib-less
152 verbose url raw grunt-contrib-watch
153 verbose url resolving [ 'https://registry.npmjs.org/', './grunt-contrib-watch' ]
154 verbose url resolved https://registry.npmjs.org/grunt-contrib-watch
155 info trying registry request attempt 1 at 15:45:35
156 http GET https://registry.npmjs.org/grunt-contrib-watch
157 verbose url raw grunt-freemarker
158 verbose url resolving [ 'https://registry.npmjs.org/', './grunt-freemarker' ]
159 verbose url resolved https://registry.npmjs.org/grunt-freemarker
160 info trying registry request attempt 1 at 15:45:35
161 http GET https://registry.npmjs.org/grunt-freemarker
162 info retry will retry, error on last attempt: Error: tunneling socket could not be established, cause=getaddrinfo ENOTFOUND
163 info retry will retry, error on last attempt: Error: tunneling socket could not be established, cause=getaddrinfo ENOTFOUND
164 info retry will retry, error on last attempt: Error: tunneling socket could not be established, cause=getaddrinfo ENOTFOUND
165 info retry will retry, error on last attempt: Error: tunneling socket could not be established, cause=getaddrinfo ENOTFOUND
166 info retry will retry, error on last attempt: Error: tunneling socket could not be established, cause=getaddrinfo ENOTFOUND
167 info retry will retry, error on last attempt: Error: tunneling socket could not be established, cause=getaddrinfo ENOTFOUND
168 info retry will retry, error on last attempt: Error: tunneling socket could not be established, cause=getaddrinfo ENOTFOUND
169 info retry will retry, error on last attempt: Error: tunneling socket could not be established, cause=getaddrinfo ENOTFOUND
170 info retry will retry, error on last attempt: Error: tunneling socket could not be established, cause=getaddrinfo ENOTFOUND
171 info retry will retry, error on last attempt: Error: tunneling socket could not be established, cause=getaddrinfo ENOTFOUND
172 info trying registry request attempt 2 at 15:45:47
173 http GET https://registry.npmjs.org/load-grunt-tasks
174 info trying registry request attempt 2 at 15:45:47
175 http GET https://registry.npmjs.org/time-grunt
176 info trying registry request attempt 2 at 15:45:47
177 http GET https://registry.npmjs.org/grunt-contrib-connect
178 info trying registry request attempt 2 at 15:45:47
179 http GET https://registry.npmjs.org/grunt-contrib-uglify
180 info trying registry request attempt 2 at 15:45:47
181 http GET https://registry.npmjs.org/grunt-contrib-copy
182 info trying registry request attempt 2 at 15:45:47
183 http GET https://registry.npmjs.org/grunt-contrib-clean
184 info trying registry request attempt 2 at 15:45:47
185 http GET https://registry.npmjs.org/grunt-contrib-coffee
186 info trying registry request attempt 2 at 15:45:47
187 http GET https://registry.npmjs.org/grunt-contrib-less
188 info trying registry request attempt 2 at 15:45:47
189 http GET https://registry.npmjs.org/grunt-freemarker
190 info trying registry request attempt 2 at 15:45:47
191 http GET https://registry.npmjs.org/grunt-contrib-watch
192 info retry will retry, error on last attempt: Error: tunneling socket could not be established, cause=getaddrinfo ENOTFOUND
193 info retry will retry, error on last attempt: Error: tunneling socket could not be established, cause=getaddrinfo ENOTFOUND
194 info retry will retry, error on last attempt: Error: tunneling socket could not be established, cause=getaddrinfo ENOTFOUND
195 info retry will retry, error on last attempt: Error: tunneling socket could not be established, cause=getaddrinfo ENOTFOUND
196 info retry will retry, error on last attempt: Error: tunneling socket could not be established, cause=getaddrinfo ENOTFOUND
197 info retry will retry, error on last attempt: Error: tunneling socket could not be established, cause=getaddrinfo ENOTFOUND
198 info retry will retry, error on last attempt: Error: tunneling socket could not be established, cause=getaddrinfo ENOTFOUND
199 info retry will retry, error on last attempt: Error: tunneling socket could not be established, cause=getaddrinfo ENOTFOUND
200 info retry will retry, error on last attempt: Error: tunneling socket could not be established, cause=getaddrinfo ENOTFOUND
201 info retry will retry, error on last attempt: Error: tunneling socket could not be established, cause=getaddrinfo ENOTFOUND
202 info trying registry request attempt 3 at 15:46:49
203 http GET https://registry.npmjs.org/load-grunt-tasks
204 info trying registry request attempt 3 at 15:46:49
205 http GET https://registry.npmjs.org/grunt-contrib-connect
206 info trying registry request attempt 3 at 15:46:49
207 http GET https://registry.npmjs.org/time-grunt
208 info trying registry request attempt 3 at 15:46:49
209 http GET https://registry.npmjs.org/grunt-contrib-uglify
210 info trying registry request attempt 3 at 15:46:49
211 http GET https://registry.npmjs.org/grunt-contrib-copy
212 info trying registry request attempt 3 at 15:46:49
213 http GET https://registry.npmjs.org/grunt-contrib-clean
214 info trying registry request attempt 3 at 15:46:49
215 http GET https://registry.npmjs.org/grunt-contrib-coffee
216 info trying registry request attempt 3 at 15:46:49
217 http GET https://registry.npmjs.org/grunt-freemarker
218 info trying registry request attempt 3 at 15:46:49
219 http GET https://registry.npmjs.org/grunt-contrib-less
220 info trying registry request attempt 3 at 15:46:49
221 http GET https://registry.npmjs.org/grunt-contrib-watch
222 silly lockFile db6ec5cc-load-grunt-tasks-0-4-0 load-grunt-tasks@~0.4.0
223 silly lockFile db6ec5cc-load-grunt-tasks-0-4-0 load-grunt-tasks@~0.4.0
224 error network tunneling socket could not be established, cause=getaddrinfo ENOTFOUND
224 error network This is most likely not a problem with npm itself
224 error network and is related to network connectivity.
224 error network In most cases you are behind a proxy or have bad network settings.
224 error network
224 error network If you are behind a proxy, please make sure that the
224 error network 'proxy' config is set properly.  See: 'npm help config'
225 error System Windows_NT 6.1.7601
226 error command "D:\\Node\\node\\\\node.exe" "D:\\Node\\node\\node_modules\\npm\\bin\\npm-cli.js" "install"
227 error cwd D:\workSpace\tgSite
228 error node -v v0.10.24
229 error npm -v 1.3.21
230 error code ECONNRESET
231 verbose exit [ 1, true ]
